Ağu 28, 2020 9:45:00 AM org.apache.catalina.core.ApplicationContext log
INFO: ContextListener: contextInitialized()
Ağu 28, 2020 9:45:00 AM org.apache.catalina.core.ApplicationContext log
INFO: SessionListener: contextInitialized()
Ağu 28, 2020 9:45:00 AM org.apache.catalina.core.ApplicationContext log
INFO: ContextListener: attributeAdded('StockTicker', 'async.Stockticker@2d430bef')
Ağu 28, 2020 9:45:00 AM org.apache.catalina.core.ApplicationContext log
INFO: ContextListener: attributeAdded('org.apache.jasper.compiler.TldLocationsCache', 'org.apache.jasper.compiler.TldLocationsCache@5d925cd2')
Ağu 28, 2020 9:45:00 AM org.apache.catalina.core.ApplicationContext log
INFO: SessionListener: contextDestroyed()
Ağu 28, 2020 9:45:00 AM org.apache.catalina.core.ApplicationContext log
INFO: ContextListener: contextDestroyed()
Ağu 28, 2020 9:45:13 AM org.apache.catalina.core.ApplicationContext log
INFO: ContextListener: contextInitialized()
Ağu 28, 2020 9:45:13 AM org.apache.catalina.core.ApplicationContext log
INFO: SessionListener: contextInitialized()
Ağu 28, 2020 9:45:13 AM org.apache.catalina.core.ApplicationContext log
INFO: ContextListener: attributeAdded('StockTicker', 'async.Stockticker@2d430bef')
Ağu 28, 2020 9:45:13 AM org.apache.catalina.core.ApplicationContext log
INFO: ContextListener: attributeAdded('org.apache.jasper.compiler.TldLocationsCache', 'org.apache.jasper.compiler.TldLocationsCache@5d925cd2')
Ağu 28, 2020 9:45:13 AM org.apache.catalina.core.ApplicationContext log
INFO: SessionListener: contextDestroyed()
Ağu 28, 2020 9:45:13 AM org.apache.catalina.core.ApplicationContext log
INFO: ContextListener: contextDestroyed()
Ağu 28, 2020 9:45:45 AM org.apache.catalina.core.ApplicationContext log
INFO: ContextListener: contextInitialized()
Ağu 28, 2020 9:45:45 AM org.apache.catalina.core.ApplicationContext log
INFO: SessionListener: contextInitialized()
Ağu 28, 2020 9:45:45 AM org.apache.catalina.core.ApplicationContext log
INFO: ContextListener: attributeAdded('StockTicker', 'async.Stockticker@65a96d93')
Ağu 28, 2020 9:45:45 AM org.apache.catalina.core.ApplicationContext log
INFO: ContextListener: attributeAdded('org.apache.jasper.compiler.TldLocationsCache', 'org.apache.jasper.compiler.TldLocationsCache@4c50581e')
Ağu 28, 2020 9:46:33 AM org.apache.catalina.core.ApplicationContext log
INFO: SessionListener: contextDestroyed()
Ağu 28, 2020 9:46:33 AM org.apache.catalina.core.ApplicationContext log
INFO: ContextListener: contextDestroyed()
Ağu 28, 2020 10:04:27 AM org.apache.catalina.core.ApplicationContext log
INFO: ContextListener: contextInitialized()
Ağu 28, 2020 10:04:27 AM org.apache.catalina.core.ApplicationContext log
INFO: SessionListener: contextInitialized()
Ağu 28, 2020 10:04:27 AM org.apache.catalina.core.ApplicationContext log
INFO: ContextListener: attributeAdded('StockTicker', 'async.Stockticker@14cdddf8')
Ağu 28, 2020 10:04:27 AM org.apache.catalina.core.ApplicationContext log
INFO: ContextListener: attributeAdded('org.apache.jasper.compiler.TldLocationsCache', 'org.apache.jasper.compiler.TldLocationsCache@32bffb62')
Ağu 28, 2020 10:07:17 AM org.apache.catalina.core.ApplicationContext log
INFO: SessionListener: contextDestroyed()
Ağu 28, 2020 10:07:17 AM org.apache.catalina.core.ApplicationContext log
INFO: ContextListener: contextDestroyed()
